<?xml version="1.0" encoding="UTF-8"?>
<!-- Generated by org.testng.reporters.JUnitReportReporter -->
<testsuite hostname="AmanNadaf" failures="0" tests="1" name="testCases.TC_FlightBooking" time="4.439" errors="0" timestamp="2025-06-27T13:27:55 IST" skipped="0">
  <testcase classname="testCases.TC_FlightBooking" name="BookFlight" time="4.439"/>
</testsuite> <!-- testCases.TC_FlightBooking -->
